Building DAG of jobs...
Using shell: /usr/bin/bash
Provided cores: 1 (use --cores to define parallelism)
Rules claiming more threads will be scaled down.
Job stats:
job        count    min threads    max threads
-------  -------  -------------  -------------
MA_plot        1              1              1
total          1              1              1

Select jobs to execute...

[Fri May  6 19:37:22 2022]
rule MA_plot:
    jobid: 0
    resources: tmpdir=/tmp

[Fri May  6 19:37:23 2022]
Error in rule MA_plot:
    jobid: 0

RuleException:
CalledProcessError in line 3 of /mnt/c/Python_files/EMBL_Tranee_assignment/Assignment/snakemake/Snakefile:
Command 'set -euo pipefail;  /home/pchavan/anaconda3/envs/snakemake/bin/python3.10 /mnt/c/Python_files/EMBL_Tranee_assignment/Assignment/snakemake/.snakemake/scripts/tmphm9vi59i.MA.py' returned non-zero exit status 1.
  File "/mnt/c/Python_files/EMBL_Tranee_assignment/Assignment/snakemake/Snakefile", line 3, in __rule_MA_plot
  File "/home/pchavan/anaconda3/envs/snakemake/lib/python3.10/concurrent/futures/thread.py", line 58, in run
Shutting down, this might take some time.
Exiting because a job execution failed. Look above for error message
Complete log: .snakemake/log/2022-05-06T193722.075511.snakemake.log
