Building DAG of jobs...
Using shell: /usr/bin/bash
Provided cores: 1 (use --cores to define parallelism)
Rules claiming more threads will be scaled down.
Job stats:
job             count    min threads    max threads
------------  -------  -------------  -------------
pythonscript        1              1              1
total               1              1              1

Select jobs to execute...

[Fri May  6 16:07:49 2022]
rule pythonscript:
    jobid: 0
    resources: tmpdir=/tmp

[Fri May  6 16:07:49 2022]
Error in rule pythonscript:
    jobid: 0

RuleException:
NotImplementedError in line 3 of /mnt/c/Python_files/Snakemake_practice/Assignment/snakemake/Snakefile:
Unable to handle scheme 'c', expected one of ('', 'file', 'gs', 'hdfs', 'http', 'https', 's3', 's3a', 's3n', 's3u', 'scp', 'sftp', 'ssh', 'viewfs', 'webhdfs'). Extra dependencies required by 'c' may be missing. See <https://github.com/RaRe-Technologies/smart_open/blob/master/README.rst> for details.
  File "/mnt/c/Python_files/Snakemake_practice/Assignment/snakemake/Snakefile", line 3, in __rule_pythonscript
  File "/home/pchavan/anaconda3/envs/snakemake/lib/python3.10/site-packages/smart_open/smart_open_lib.py", line 81, in parse_uri
  File "/home/pchavan/anaconda3/envs/snakemake/lib/python3.10/site-packages/smart_open/transport.py", line 93, in get_transport
  File "/home/pchavan/anaconda3/envs/snakemake/lib/python3.10/concurrent/futures/thread.py", line 58, in run
Shutting down, this might take some time.
Exiting because a job execution failed. Look above for error message
Complete log: .snakemake/log/2022-05-06T160749.515945.snakemake.log
